2015-03-17 11:21:44 - PHP Notice:  Undefined property: Loader::$config in D:\www\_\2015\TTShop\catalog\view\theme\TTShop\template\common\header.tpl on line 22
2015-03-18 9:25:32 - PHP Warning:  Invalid argument supplied for foreach() in D:\www\_\2015\TTShop\admin\controller\module\featured.php on line 124
2015-03-18 10:16:06 - PHP Notice:  Indirect modification of overloaded property ControllerModuleHelloworld::$data has no effect in D:\www\_\2015\TTShop\admin\controller\module\helloworld.php on line 23
2015-03-18 10:16:06 - PHP Notice:  Indirect modification of overloaded property ControllerModuleHelloworld::$data has no effect in D:\www\_\2015\TTShop\admin\controller\module\helloworld.php on line 25
2015-03-18 10:16:06 - PHP Notice:  Indirect modification of overloaded property ControllerModuleHelloworld::$data has no effect in D:\www\_\2015\TTShop\admin\controller\module\helloworld.php on line 26
2015-03-18 10:16:06 - PHP Notice:  Indirect modification of overloaded property ControllerModuleHelloworld::$data has no effect in D:\www\_\2015\TTShop\admin\controller\module\helloworld.php on line 27
2015-03-18 10:16:06 - PHP Notice:  Indirect modification of overloaded property ControllerModuleHelloworld::$data has no effect in D:\www\_\2015\TTShop\admin\controller\module\helloworld.php on line 28
2015-03-18 10:16:06 - PHP Notice:  Indirect modification of overloaded property ControllerModuleHelloworld::$data has no effect in D:\www\_\2015\TTShop\admin\controller\module\helloworld.php on line 29
2015-03-18 10:16:06 - PHP Notice:  Indirect modification of overloaded property ControllerModuleHelloworld::$data has no effect in D:\www\_\2015\TTShop\admin\controller\module\helloworld.php on line 30
2015-03-18 10:16:06 - PHP Notice:  Indirect modification of overloaded property ControllerModuleHelloworld::$data has no effect in D:\www\_\2015\TTShop\admin\controller\module\helloworld.php on line 32
2015-03-18 10:16:06 - PHP Notice:  Indirect modification of overloaded property ControllerModuleHelloworld::$data has no effect in D:\www\_\2015\TTShop\admin\controller\module\helloworld.php on line 33
2015-03-18 10:16:06 - PHP Notice:  Indirect modification of overloaded property ControllerModuleHelloworld::$data has no effect in D:\www\_\2015\TTShop\admin\controller\module\helloworld.php on line 34
2015-03-18 10:16:06 - PHP Notice:  Indirect modification of overloaded property ControllerModuleHelloworld::$data has no effect in D:\www\_\2015\TTShop\admin\controller\module\helloworld.php on line 35
2015-03-18 10:16:06 - PHP Notice:  Indirect modification of overloaded property ControllerModuleHelloworld::$data has no effect in D:\www\_\2015\TTShop\admin\controller\module\helloworld.php on line 36
2015-03-18 10:16:06 - PHP Notice:  Indirect modification of overloaded property ControllerModuleHelloworld::$data has no effect in D:\www\_\2015\TTShop\admin\controller\module\helloworld.php on line 38
2015-03-18 10:16:06 - PHP Notice:  Indirect modification of overloaded property ControllerModuleHelloworld::$data has no effect in D:\www\_\2015\TTShop\admin\controller\module\helloworld.php on line 39
2015-03-18 10:16:06 - PHP Notice:  Indirect modification of overloaded property ControllerModuleHelloworld::$data has no effect in D:\www\_\2015\TTShop\admin\controller\module\helloworld.php on line 40
2015-03-18 10:16:06 - PHP Notice:  Indirect modification of overloaded property ControllerModuleHelloworld::$data has no effect in D:\www\_\2015\TTShop\admin\controller\module\helloworld.php on line 41
2015-03-18 10:16:06 - PHP Notice:  Indirect modification of overloaded property ControllerModuleHelloworld::$data has no effect in D:\www\_\2015\TTShop\admin\controller\module\helloworld.php on line 48
2015-03-18 10:16:06 - PHP Notice:  Indirect modification of overloaded property ControllerModuleHelloworld::$data has no effect in D:\www\_\2015\TTShop\admin\controller\module\helloworld.php on line 56
2015-03-18 10:16:06 - PHP Notice:  Indirect modification of overloaded property ControllerModuleHelloworld::$data has no effect in D:\www\_\2015\TTShop\admin\controller\module\helloworld.php on line 62
2015-03-18 10:16:06 - PHP Notice:  Indirect modification of overloaded property ControllerModuleHelloworld::$data has no effect in D:\www\_\2015\TTShop\admin\controller\module\helloworld.php on line 64
2015-03-18 10:16:06 - PHP Notice:  Indirect modification of overloaded property ControllerModuleHelloworld::$data has no effect in D:\www\_\2015\TTShop\admin\controller\module\helloworld.php on line 70
2015-03-18 10:16:06 - PHP Notice:  Indirect modification of overloaded property ControllerModuleHelloworld::$data has no effect in D:\www\_\2015\TTShop\admin\controller\module\helloworld.php on line 76
2015-03-18 10:16:06 - PHP Notice:  Indirect modification of overloaded property ControllerModuleHelloworld::$data has no effect in D:\www\_\2015\TTShop\admin\controller\module\helloworld.php on line 84
2015-03-18 10:16:06 - PHP Notice:  Indirect modification of overloaded property ControllerModuleHelloworld::$data has no effect in D:\www\_\2015\TTShop\admin\controller\module\helloworld.php on line 86
2015-03-18 10:16:06 - PHP Notice:  Indirect modification of overloaded property ControllerModuleHelloworld::$data has no effect in D:\www\_\2015\TTShop\admin\controller\module\helloworld.php on line 94
2015-03-18 10:16:06 - PHP Notice:  Indirect modification of overloaded property ControllerModuleHelloworld::$data has no effect in D:\www\_\2015\TTShop\admin\controller\module\helloworld.php on line 98
2015-03-18 10:16:06 - PHP Notice:  Indirect modification of overloaded property ControllerModuleHelloworld::$data has no effect in D:\www\_\2015\TTShop\admin\controller\module\helloworld.php on line 110
2015-03-18 10:19:03 - PHP Notice:  Undefined variable: header in D:\www\_\2015\TTShop\admin\view\template\module\helloworld.tpl on line 1
2015-03-18 10:19:03 - PHP Notice:  Undefined variable: footer in D:\www\_\2015\TTShop\admin\view\template\module\helloworld.tpl on line 133
2015-03-19 13:53:33 - PHP Notice:  Undefined variable: button_save in D:\www\_\2015\TTShop\admin\view\template\module\sliderhome.tpl on line 6
2015-03-19 13:53:33 - PHP Notice:  Undefined variable: button_cancel in D:\www\_\2015\TTShop\admin\view\template\module\sliderhome.tpl on line 7
2015-03-19 13:53:33 - PHP Notice:  Undefined variable: heading_title in D:\www\_\2015\TTShop\admin\view\template\module\sliderhome.tpl on line 8
2015-03-19 13:53:33 - PHP Notice:  Undefined variable: text_edit in D:\www\_\2015\TTShop\admin\view\template\module\sliderhome.tpl on line 24
2015-03-19 13:53:33 - PHP Notice:  Undefined variable: entry_name in D:\www\_\2015\TTShop\admin\view\template\module\sliderhome.tpl on line 29
2015-03-19 13:53:33 - PHP Notice:  Undefined variable: entry_name in D:\www\_\2015\TTShop\admin\view\template\module\sliderhome.tpl on line 31
2015-03-19 13:53:33 - PHP Notice:  Undefined variable: entry_product in D:\www\_\2015\TTShop\admin\view\template\module\sliderhome.tpl on line 38
2015-03-19 13:53:33 - PHP Notice:  Undefined variable: entry_product in D:\www\_\2015\TTShop\admin\view\template\module\sliderhome.tpl on line 40
2015-03-19 13:53:33 - PHP Notice:  Undefined variable: entry_limit in D:\www\_\2015\TTShop\admin\view\template\module\sliderhome.tpl on line 51
2015-03-19 13:53:33 - PHP Notice:  Undefined variable: entry_limit in D:\www\_\2015\TTShop\admin\view\template\module\sliderhome.tpl on line 53
2015-03-19 13:53:33 - PHP Notice:  Undefined variable: entry_width in D:\www\_\2015\TTShop\admin\view\template\module\sliderhome.tpl on line 57
2015-03-19 13:53:33 - PHP Notice:  Undefined variable: entry_width in D:\www\_\2015\TTShop\admin\view\template\module\sliderhome.tpl on line 59
2015-03-19 13:53:33 - PHP Notice:  Undefined variable: entry_height in D:\www\_\2015\TTShop\admin\view\template\module\sliderhome.tpl on line 66
2015-03-19 13:53:33 - PHP Notice:  Undefined variable: entry_height in D:\www\_\2015\TTShop\admin\view\template\module\sliderhome.tpl on line 68
2015-03-19 13:53:33 - PHP Notice:  Undefined variable: entry_status in D:\www\_\2015\TTShop\admin\view\template\module\sliderhome.tpl on line 75
2015-03-19 13:53:33 - PHP Notice:  Undefined variable: text_enabled in D:\www\_\2015\TTShop\admin\view\template\module\sliderhome.tpl on line 82
2015-03-19 13:53:33 - PHP Notice:  Undefined variable: text_disabled in D:\www\_\2015\TTShop\admin\view\template\module\sliderhome.tpl on line 83
2015-03-19 14:27:21 - PHP Warning:  Invalid argument supplied for foreach() in D:\www\_\2015\TTShop\admin\controller\module\featured.php on line 124
2015-03-19 14:28:54 - PHP Notice:  Undefined variable: data in D:\www\_\2015\TTShop\catalog\controller\module\sliderhome.php on line 5
2015-03-19 14:28:54 - PHP Notice:  Error: Could not load template D:\www\_\2015\TTShop/catalog/view/theme/default/template/module/sliderhome.tpl! in D:\www\_\2015\TTShop\system\engine\loader.php on line 45
2015-03-19 14:30:05 - PHP Notice:  Undefined variable: data in D:\www\_\2015\TTShop\catalog\controller\module\sliderhome.php on line 5
2015-03-19 14:30:05 - PHP Warning:  extract() expects parameter 1 to be array, null given in D:\www\_\2015\TTShop\system\engine\loader.php on line 33
2015-03-19 14:30:05 - PHP Notice:  Undefined variable: heading_title in D:\www\_\2015\TTShop\catalog\view\theme\TTShop\template\module\featured.tpl on line 1
2015-03-19 14:30:05 - PHP Notice:  Undefined variable: products in D:\www\_\2015\TTShop\catalog\view\theme\TTShop\template\module\featured.tpl on line 3
2015-03-19 14:30:05 - PHP Warning:  Invalid argument supplied for foreach() in D:\www\_\2015\TTShop\catalog\view\theme\TTShop\template\module\featured.tpl on line 3
2015-03-19 14:30:35 - PHP Notice:  Undefined variable: data in D:\www\_\2015\TTShop\catalog\controller\module\sliderhome.php on line 5
2015-03-19 14:30:35 - PHP Warning:  extract() expects parameter 1 to be array, null given in D:\www\_\2015\TTShop\system\engine\loader.php on line 33
2015-03-19 14:35:59 - PHP Notice:  Undefined variable: content_toppp in D:\www\_\2015\TTShop\catalog\view\theme\TTShop\template\common\home.tpl on line 431
2015-03-19 15:01:27 - PHP Notice:  Undefined index: width in D:\www\_\2015\TTShop\admin\controller\module\bannerright.php on line 140
2015-03-19 15:01:27 - PHP Notice:  Undefined index: height in D:\www\_\2015\TTShop\admin\controller\module\bannerright.php on line 144
2015-03-19 15:03:01 - PHP Notice:  Undefined index: banner_id in D:\www\_\2015\TTShop\catalog\controller\module\bannerright.php on line 14
2015-03-19 15:03:25 - PHP Notice:  Undefined index: banner_id in D:\www\_\2015\TTShop\catalog\controller\module\bannerright.php on line 14
2015-03-19 15:03:32 - PHP Notice:  Undefined index: banner_id in D:\www\_\2015\TTShop\catalog\controller\module\bannerright.php on line 14
2015-03-20 8:36:47 - PHP Notice:  Error: Could not load model D:\www\_\2015\TTShop/catalog/model/setting/extension.php! in D:\www\_\2015\TTShop\system\engine\loader.php on line 24
2015-03-20 9:24:09 - PHP Notice:  Undefined variable: content_top_bottom in D:\www\_\2015\TTShop\admin\view\template\design\layout_form.tpl on line 194
2015-03-20 10:04:24 - PHP Notice:  Undefined variable: content_top_bottom in D:\www\_\2015\TTShop\catalog\view\theme\TTShop\template\common\home.tpl on line 12
2015-03-23 14:31:45 - PHP Warning:  array_slice() expects parameter 1 to be array, string given in D:\www\_\2015\TTShop\catalog\controller\module\featured_large.php on line 24
2015-03-23 14:31:45 - PHP Warning:  Invalid argument supplied for foreach() in D:\www\_\2015\TTShop\catalog\controller\module\featured_large.php on line 26
2015-03-23 14:31:45 - PHP Warning:  array_slice() expects parameter 1 to be array, string given in D:\www\_\2015\TTShop\catalog\controller\module\featured_large.php on line 24
2015-03-23 14:31:45 - PHP Warning:  Invalid argument supplied for foreach() in D:\www\_\2015\TTShop\catalog\controller\module\featured_large.php on line 26
2015-03-23 14:34:01 - PHP Warning:  array_slice() expects parameter 1 to be array, string given in D:\www\_\2015\TTShop\catalog\controller\module\featured_large.php on line 24
2015-03-23 14:34:01 - PHP Warning:  Invalid argument supplied for foreach() in D:\www\_\2015\TTShop\catalog\controller\module\featured_large.php on line 26
2015-03-23 14:34:01 - PHP Warning:  array_slice() expects parameter 1 to be array, string given in D:\www\_\2015\TTShop\catalog\controller\module\featured_large.php on line 24
2015-03-23 14:34:01 - PHP Warning:  Invalid argument supplied for foreach() in D:\www\_\2015\TTShop\catalog\controller\module\featured_large.php on line 26
2015-03-23 14:36:09 - PHP Warning:  array_slice() expects parameter 1 to be array, string given in D:\www\_\2015\TTShop\catalog\controller\module\featured_large.php on line 24
2015-03-23 14:36:09 - PHP Warning:  Invalid argument supplied for foreach() in D:\www\_\2015\TTShop\catalog\controller\module\featured_large.php on line 26
2015-03-23 14:36:09 - PHP Warning:  array_slice() expects parameter 1 to be array, string given in D:\www\_\2015\TTShop\catalog\controller\module\featured_large.php on line 24
2015-03-23 14:36:09 - PHP Warning:  Invalid argument supplied for foreach() in D:\www\_\2015\TTShop\catalog\controller\module\featured_large.php on line 26
2015-03-23 14:37:44 - PHP Warning:  array_slice() expects parameter 1 to be array, string given in D:\www\_\2015\TTShop\catalog\controller\module\featured_large.php on line 24
2015-03-23 14:37:44 - PHP Warning:  Invalid argument supplied for foreach() in D:\www\_\2015\TTShop\catalog\controller\module\featured_large.php on line 26
2015-03-23 14:37:44 - PHP Warning:  array_slice() expects parameter 1 to be array, string given in D:\www\_\2015\TTShop\catalog\controller\module\featured_large.php on line 24
2015-03-23 14:37:44 - PHP Warning:  Invalid argument supplied for foreach() in D:\www\_\2015\TTShop\catalog\controller\module\featured_large.php on line 26
2015-03-23 14:38:17 - PHP Warning:  Invalid argument supplied for foreach() in D:\www\_\2015\TTShop\admin\controller\module\featured_large.php on line 124
2015-03-23 14:57:30 - PHP Notice:  Error: Could not load model D:\www\_\2015\TTShop/catalog/model/design/banner_middle.php! in D:\www\_\2015\TTShop\system\engine\loader.php on line 24
